0 info it worked if it ends with ok
1 verbose cli [ '/usr/local/bin/node',
1 verbose cli   '/usr/local/bin/npm',
1 verbose cli   'run',
1 verbose cli   'test-manual' ]
2 info using npm@3.10.10
3 info using node@v10.13.0
4 verbose run-script [ 'pretest-manual', 'test-manual', 'posttest-manual' ]
5 info lifecycle weaseljs@0.0.1~pretest-manual: weaseljs@0.0.1
6 silly lifecycle weaseljs@0.0.1~pretest-manual: no script for pretest-manual, continuing
7 info lifecycle weaseljs@0.0.1~test-manual: weaseljs@0.0.1
8 verbose lifecycle weaseljs@0.0.1~test-manual: unsafe-perm in lifecycle true
9 verbose lifecycle weaseljs@0.0.1~test-manual: PATH: /usr/local/lib/node_modules/npm/bin/node-gyp-bin:/Users/jake/weasel.js/node_modules/.bin:/Users/jake/.npm-packages/lib/node_modules/grunt-cli/bin:/Users/jake/.node/bin:/usr/local/bin:/usr/bin:/bin:/usr/sbin:/sbin:/Users/jake/bin:/Users/jake/arcanist/arcanist/bin/
10 verbose lifecycle weaseljs@0.0.1~test-manual: CWD: /Users/jake/weasel.js
11 silly lifecycle weaseljs@0.0.1~test-manual: Args: [ '-c',
11 silly lifecycle   'webpack-dev-server --config test/fixtures/webpack.config.js' ]
12 silly lifecycle weaseljs@0.0.1~test-manual: Returned: code: 1  signal: null
13 info lifecycle weaseljs@0.0.1~test-manual: Failed to exec test-manual script
14 verbose stack Error: weaseljs@0.0.1 test-manual: `webpack-dev-server --config test/fixtures/webpack.config.js`
14 verbose stack Exit status 1
14 verbose stack     at EventEmitter.<anonymous> (/usr/local/lib/node_modules/npm/lib/utils/lifecycle.js:255:16)
14 verbose stack     at EventEmitter.emit (events.js:182:13)
14 verbose stack     at ChildProcess.<anonymous> (/usr/local/lib/node_modules/npm/lib/utils/spawn.js:40:14)
14 verbose stack     at ChildProcess.emit (events.js:182:13)
14 verbose stack     at maybeClose (internal/child_process.js:962:16)
14 verbose stack     at Process.ChildProcess._handle.onexit (internal/child_process.js:251:5)
15 verbose pkgid weaseljs@0.0.1
16 verbose cwd /Users/jake/weasel.js
17 error Darwin 15.5.0
18 error argv "/usr/local/bin/node" "/usr/local/bin/npm" "run" "test-manual"
19 error node v10.13.0
20 error npm  v3.10.10
21 error code ELIFECYCLE
22 error weaseljs@0.0.1 test-manual: `webpack-dev-server --config test/fixtures/webpack.config.js`
22 error Exit status 1
23 error Failed at the weaseljs@0.0.1 test-manual script 'webpack-dev-server --config test/fixtures/webpack.config.js'.
23 error Make sure you have the latest version of node.js and npm installed.
23 error If you do, this is most likely a problem with the weaseljs package,
23 error not with npm itself.
23 error Tell the author that this fails on your system:
23 error     webpack-dev-server --config test/fixtures/webpack.config.js
23 error You can get information on how to open an issue for this project with:
23 error     npm bugs weaseljs
23 error Or if that isn't available, you can get their info via:
23 error     npm owner ls weaseljs
23 error There is likely additional logging output above.
24 verbose exit [ 1, true ]
